TN:
SF:src/shared/validations.ts
FN:2,emailValidation
FN:8,expirationYearValidation
FN:15,expirationMonthValidation
FN:20,cvvValidation
FN:31,cardNumberValidation
FNF:5
FNH:1
FNDA:2,emailValidation
FNDA:0,expirationYearValidation
FNDA:0,expirationMonthValidation
FNDA:0,cvvValidation
FNDA:0,cardNumberValidation
DA:1,1
DA:2,1
DA:3,2
DA:4,2
DA:5,2
DA:6,1
DA:7,1
DA:8,1
DA:9,0
DA:10,0
DA:11,0
DA:12,0
DA:13,1
DA:14,1
DA:15,1
DA:16,0
DA:17,0
DA:18,1
DA:19,1
DA:20,1
DA:21,0
DA:22,0
DA:23,0
DA:24,0
DA:25,0
DA:26,0
DA:27,0
DA:28,0
DA:29,1
DA:30,1
DA:31,1
DA:32,0
DA:33,0
DA:34,0
DA:35,0
DA:36,0
DA:37,0
DA:38,0
DA:39,0
DA:40,0
DA:41,0
DA:42,0
DA:43,0
DA:44,0
LF:44
LH:17
BRDA:2,0,0,2
BRF:1
BRH:1
end_of_record
